<?xml version="1.0" encoding="UTF-8"?>
<robot generator="Robot 3.2.2 (Python 3.8.3 on win32)" generated="20201208 20:17:44.080" rpa="false">
<suite id="s1" name="HomepageTests" source="D:\BallooningNestEggs\Tests\HomepageTests.robot">
<test id="s1-t1" name="Users should be able to navigate to Partners Dashboard page from footer">
<kw name="Begining the test" library="SetupEnv" type="setup">
<kw name="Open Browser" library="SeleniumLibrary">
<doc>Opens a new browser instance to the optional ``url``.</doc>
<arguments>
<arg>about:blank</arg>
<arg>${BROWSER}</arg>
</arguments>
<msg timestamp="20201208 20:17:44.307" level="INFO">Opening browser 'chrome' to base url 'about:blank'.</msg>
<status status="PASS" starttime="20201208 20:17:44.307" endtime="20201208 20:17:47.596"></status>
</kw>
<kw name="Go To" library="SeleniumLibrary">
<doc>Navigates the current browser window to the provided ``url``.</doc>
<arguments>
<arg>${PROD}</arg>
</arguments>
<msg timestamp="20201208 20:17:47.597" level="INFO">Opening url 'https://www.beta.ballooningnesteggs.com/'</msg>
<status status="PASS" starttime="20201208 20:17:47.597" endtime="20201208 20:17:48.374"></status>
</kw>
<kw name="Maximize Browser Window" library="SeleniumLibrary">
<doc>Maximizes current browser window.</doc>
<status status="PASS" starttime="20201208 20:17:48.374" endtime="20201208 20:17:50.532"></status>
</kw>
<kw name="Sleep" library="BuiltIn">
<doc>Pauses the test executed for the given time.</doc>
<arguments>
<arg>5s</arg>
</arguments>
<msg timestamp="20201208 20:17:55.543" level="INFO">Slept 5 seconds</msg>
<status status="PASS" starttime="20201208 20:17:50.532" endtime="20201208 20:17:55.543"></status>
</kw>
<status status="PASS" starttime="20201208 20:17:44.307" endtime="20201208 20:17:55.543"></status>
</kw>
<kw name="Clicking on Partners Dashboard form About Us sction on footer" library="HomepageApp">
<kw name="Clicking on Partners Dashboard form About Us sction on footer and verifying the title" library="HomepagePO">
<kw name="Execute Javascript" library="SeleniumLibrary">
<doc>Executes the given JavaScript code with possible arguments.</doc>
<arguments>
<arg>$(document).scrollTop(7000)</arg>
</arguments>
<msg timestamp="20201208 20:17:55.544" level="INFO">Executing JavaScript:
$(document).scrollTop(7000)
Without any arguments.</msg>
<status status="PASS" starttime="20201208 20:17:55.544" endtime="20201208 20:17:55.548"></status>
</kw>
<kw name="Sleep" library="BuiltIn">
<doc>Pauses the test executed for the given time.</doc>
<arguments>
<arg>3s</arg>
</arguments>
<msg timestamp="20201208 20:17:58.557" level="INFO">Slept 3 seconds</msg>
<status status="PASS" starttime="20201208 20:17:55.548" endtime="20201208 20:17:58.557"></status>
</kw>
<kw name="Click Element" library="SeleniumLibrary">
<doc>Click the element identified by ``locator``.</doc>
<arguments>
<arg>${PARTNERS_DASHBOARD_FOOTER}</arg>
</arguments>
<msg timestamp="20201208 20:17:58.558" level="INFO">Clicking element '//footer[@class="c-footer__wrapper"]/div/div/div/div[1]/ul/li[2]'.</msg>
<status status="PASS" starttime="20201208 20:17:58.557" endtime="20201208 20:17:58.612"></status>
</kw>
<kw name="Sleep" library="BuiltIn">
<doc>Pauses the test executed for the given time.</doc>
<arguments>
<arg>1s</arg>
</arguments>
<msg timestamp="20201208 20:17:59.617" level="INFO">Slept 1 second</msg>
<status status="PASS" starttime="20201208 20:17:58.613" endtime="20201208 20:17:59.617"></status>
</kw>
<kw name="Switch Window" library="SeleniumLibrary">
<doc>Switches to browser window matching ``locator``.</doc>
<arguments>
<arg>locator=new</arg>
</arguments>
<status status="PASS" starttime="20201208 20:17:59.617" endtime="20201208 20:17:59.624"></status>
</kw>
<kw name="Sleep" library="BuiltIn">
<doc>Pauses the test executed for the given time.</doc>
<arguments>
<arg>5s</arg>
</arguments>
<msg timestamp="20201208 20:18:04.638" level="INFO">Slept 5 seconds</msg>
<status status="PASS" starttime="20201208 20:17:59.624" endtime="20201208 20:18:04.638"></status>
</kw>
<kw name="Title Should Be" library="SeleniumLibrary">
<doc>Verifies that the current page title equals ``title``.</doc>
<arguments>
<arg>${PARTNERS_DASHBOARD_FOOTER_PAGE_TITLE}</arg>
</arguments>
<kw name="Capture Page Screenshot" library="SeleniumLibrary">
<doc>Takes a screenshot of the current page and embeds it into a log file.</doc>
<msg timestamp="20201208 20:18:07.089" level="INFO" html="yes">&lt;/td&gt;&lt;/tr&gt;&lt;tr&gt;&lt;td colspan="3"&gt;&lt;a href="selenium-screenshot-1.png"&gt;&lt;img src="selenium-screenshot-1.png" width="800px"&gt;&lt;/a&gt;</msg>
<status status="PASS" starttime="20201208 20:18:06.711" endtime="20201208 20:18:07.089"></status>
</kw>
<msg timestamp="20201208 20:18:07.110" level="FAIL">Title should have been 'Ballooning-Dashboard-Partners.pdf' but was ''.</msg>
<status status="FAIL" starttime="20201208 20:18:04.639" endtime="20201208 20:18:07.111"></status>
</kw>
<status status="FAIL" starttime="20201208 20:17:55.544" endtime="20201208 20:18:07.111"></status>
</kw>
<status status="FAIL" starttime="20201208 20:17:55.544" endtime="20201208 20:18:07.111"></status>
</kw>
<kw name="Ending the tests by closing the browser" library="SetupEnv" type="teardown">
<kw name="Close All Browsers" library="SeleniumLibrary">
<doc>Closes all open browsers and resets the browser cache.</doc>
<status status="PASS" starttime="20201208 20:18:07.112" endtime="20201208 20:18:09.205"></status>
</kw>
<status status="PASS" starttime="20201208 20:18:07.111" endtime="20201208 20:18:09.205"></status>
</kw>
<tags>
<tag>homepage1</tag>
</tags>
<status status="FAIL" starttime="20201208 20:17:44.306" endtime="20201208 20:18:09.206" critical="yes">Title should have been 'Ballooning-Dashboard-Partners.pdf' but was ''.</status>
</test>
<status status="FAIL" starttime="20201208 20:17:44.081" endtime="20201208 20:18:09.207"></status>
</suite>
<statistics>
<total>
<stat pass="0" fail="1">Critical Tests</stat>
<stat pass="0" fail="1">All Tests</stat>
</total>
<tag>
<stat pass="0" fail="1">homepage1</stat>
</tag>
<suite>
<stat pass="0" fail="1" id="s1" name="HomepageTests">HomepageTests</stat>
</suite>
</statistics>
<errors>
</errors>
</robot>
