<?xml version="1.0" encoding="UTF-8"?>
<robot generator="Robot 3.2.2 (Python 3.8.3 on win32)" generated="20201117 15:02:04.112" rpa="false">
<suite id="s1" name="RegisterTests" source="D:\BallooningNestEggs\Tests\RegisterTests.robot">
<test id="s1-t1" name="Users should be able to create an account on BallooningNestEggs applicaiton">
<kw name="Begining the test" library="SetupEnv" type="setup">
<kw name="Open Browser" library="SeleniumLibrary">
<doc>Opens a new browser instance to the optional ``url``.</doc>
<arguments>
<arg>${PROD}</arg>
<arg>${BROWSER}</arg>
</arguments>
<msg timestamp="20201117 15:02:04.277" level="INFO">Opening browser 'chrome' to base url 'https://www.beta.ballooningnesteggs.com/'.</msg>
<status status="PASS" starttime="20201117 15:02:04.277" endtime="20201117 15:02:07.811"></status>
</kw>
<kw name="Maximize Browser Window" library="SeleniumLibrary">
<doc>Maximizes current browser window.</doc>
<status status="PASS" starttime="20201117 15:02:07.811" endtime="20201117 15:02:09.931"></status>
</kw>
<kw name="Sleep" library="BuiltIn">
<doc>Pauses the test executed for the given time.</doc>
<arguments>
<arg>5s</arg>
</arguments>
<msg timestamp="20201117 15:02:14.933" level="INFO">Slept 5 seconds</msg>
<status status="PASS" starttime="20201117 15:02:09.931" endtime="20201117 15:02:14.933"></status>
</kw>
<status status="PASS" starttime="20201117 15:02:04.277" endtime="20201117 15:02:14.933"></status>
</kw>
<kw name="User inputs his/her information in order to create an account" library="Register">
<kw name="Sleep" library="BuiltIn">
<doc>Pauses the test executed for the given time.</doc>
<arguments>
<arg>3s</arg>
</arguments>
<msg timestamp="20201117 15:02:17.935" level="INFO">Slept 3 seconds</msg>
<status status="PASS" starttime="20201117 15:02:14.934" endtime="20201117 15:02:17.935"></status>
</kw>
<kw name="Clicking on Sign Up button" library="Homepage">
<kw name="Go To" library="SeleniumLibrary">
<doc>Navigates the current browser window to the provided ``url``.</doc>
<arguments>
<arg>https://www.beta.ballooningnesteggs.com/register</arg>
</arguments>
<msg timestamp="20201117 15:02:17.938" level="INFO">Opening url 'https://www.beta.ballooningnesteggs.com/register'</msg>
<status status="PASS" starttime="20201117 15:02:17.937" endtime="20201117 15:02:18.200"></status>
</kw>
<status status="PASS" starttime="20201117 15:02:17.936" endtime="20201117 15:02:18.200"></status>
</kw>
<kw name="Sleep" library="BuiltIn">
<doc>Pauses the test executed for the given time.</doc>
<arguments>
<arg>3s</arg>
</arguments>
<msg timestamp="20201117 15:02:21.200" level="INFO">Slept 3 seconds</msg>
<status status="PASS" starttime="20201117 15:02:18.200" endtime="20201117 15:02:21.200"></status>
</kw>
<kw name="Clicking on Create Account button" library="Register">
<kw name="Click Element" library="SeleniumLibrary">
<doc>Click the element identified by ``locator``.</doc>
<arguments>
<arg>${CREATE_ACCOUNT}</arg>
</arguments>
<msg timestamp="20201117 15:02:21.203" level="INFO">Clicking element '//button[@id="create-bne-account"]'.</msg>
<status status="PASS" starttime="20201117 15:02:21.202" endtime="20201117 15:02:21.250"></status>
</kw>
<status status="PASS" starttime="20201117 15:02:21.201" endtime="20201117 15:02:21.250"></status>
</kw>
<kw name="Sleep" library="BuiltIn">
<doc>Pauses the test executed for the given time.</doc>
<arguments>
<arg>3s</arg>
</arguments>
<msg timestamp="20201117 15:02:24.251" level="INFO">Slept 3 seconds</msg>
<status status="PASS" starttime="20201117 15:02:21.250" endtime="20201117 15:02:24.251"></status>
</kw>
<kw name="Inputting user's first name" library="Register">
<kw name="Input Text" library="SeleniumLibrary">
<doc>Types the given ``text`` into the text field identified by ``locator``.</doc>
<arguments>
<arg>${FIRST_NAME}</arg>
<arg>${FIRST_NAME_VALUE}</arg>
</arguments>
<msg timestamp="20201117 15:02:24.252" level="INFO">Typing text 'Sam' into text field '//input[@placeholder="First Name"]'.</msg>
<status status="PASS" starttime="20201117 15:02:24.252" endtime="20201117 15:02:24.303"></status>
</kw>
<kw name="Click Element" library="SeleniumLibrary">
<doc>Click the element identified by ``locator``.</doc>
<arguments>
<arg>${ENTER_BUTTON}</arg>
</arguments>
<msg timestamp="20201117 15:02:24.304" level="INFO">Clicking element '//i[@id="send-message-ajax"]'.</msg>
<status status="PASS" starttime="20201117 15:02:24.304" endtime="20201117 15:02:24.331"></status>
</kw>
<status status="PASS" starttime="20201117 15:02:24.251" endtime="20201117 15:02:24.331"></status>
</kw>
<kw name="Sleep" library="BuiltIn">
<doc>Pauses the test executed for the given time.</doc>
<arguments>
<arg>3s</arg>
</arguments>
<msg timestamp="20201117 15:02:27.333" level="INFO">Slept 3 seconds</msg>
<status status="PASS" starttime="20201117 15:02:24.331" endtime="20201117 15:02:27.333"></status>
</kw>
<kw name="Inputting user's last name" library="Register">
<kw name="Input Text" library="SeleniumLibrary">
<doc>Types the given ``text`` into the text field identified by ``locator``.</doc>
<arguments>
<arg>${LAST_NAME}</arg>
<arg>${LAST_NAME_VALUE}</arg>
</arguments>
<msg timestamp="20201117 15:02:27.336" level="INFO">Typing text 'Smith' into text field '//input[@placeholder="Last Name"]'.</msg>
<status status="PASS" starttime="20201117 15:02:27.335" endtime="20201117 15:02:27.375"></status>
</kw>
<kw name="Click Element" library="SeleniumLibrary">
<doc>Click the element identified by ``locator``.</doc>
<arguments>
<arg>${ENTER_BUTTON}</arg>
</arguments>
<msg timestamp="20201117 15:02:27.376" level="INFO">Clicking element '//i[@id="send-message-ajax"]'.</msg>
<status status="PASS" starttime="20201117 15:02:27.375" endtime="20201117 15:02:27.403"></status>
</kw>
<status status="PASS" starttime="20201117 15:02:27.334" endtime="20201117 15:02:27.404"></status>
</kw>
<kw name="Sleep" library="BuiltIn">
<doc>Pauses the test executed for the given time.</doc>
<arguments>
<arg>3s</arg>
</arguments>
<msg timestamp="20201117 15:02:30.405" level="INFO">Slept 3 seconds</msg>
<status status="PASS" starttime="20201117 15:02:27.404" endtime="20201117 15:02:30.405"></status>
</kw>
<kw name="Inputting user's email" library="Register">
<kw name="Input Text" library="SeleniumLibrary">
<doc>Types the given ``text`` into the text field identified by ``locator``.</doc>
<arguments>
<arg>${EMAIL_FIELD}</arg>
<arg>${EMAIL_FIELD_VALUE}</arg>
</arguments>
<msg timestamp="20201117 15:02:30.406" level="INFO">Typing text 'samsmith01@gmail.com' into text field '//input[@placeholder="email@example.org"]'.</msg>
<status status="PASS" starttime="20201117 15:02:30.405" endtime="20201117 15:02:30.443"></status>
</kw>
<kw name="Click Element" library="SeleniumLibrary">
<doc>Click the element identified by ``locator``.</doc>
<arguments>
<arg>${ENTER_BUTTON}</arg>
</arguments>
<msg timestamp="20201117 15:02:30.443" level="INFO">Clicking element '//i[@id="send-message-ajax"]'.</msg>
<status status="PASS" starttime="20201117 15:02:30.443" endtime="20201117 15:02:30.463"></status>
</kw>
<status status="PASS" starttime="20201117 15:02:30.405" endtime="20201117 15:02:30.464"></status>
</kw>
<kw name="Sleep" library="BuiltIn">
<doc>Pauses the test executed for the given time.</doc>
<arguments>
<arg>3s</arg>
</arguments>
<msg timestamp="20201117 15:02:33.465" level="INFO">Slept 3 seconds</msg>
<status status="PASS" starttime="20201117 15:02:30.464" endtime="20201117 15:02:33.465"></status>
</kw>
<kw name="Inputting user's password" library="Register">
<kw name="Input Text" library="SeleniumLibrary">
<doc>Types the given ``text`` into the text field identified by ``locator``.</doc>
<arguments>
<arg>${PASSWORD_FIELD}</arg>
<arg>${PASSWORD_FIELD_VALUE}</arg>
</arguments>
<msg timestamp="20201117 15:02:33.465" level="INFO">Typing text 'Test0000' into text field '//input[@placeholder="Password"]'.</msg>
<status status="PASS" starttime="20201117 15:02:33.465" endtime="20201117 15:02:33.497"></status>
</kw>
<kw name="Click Element" library="SeleniumLibrary">
<doc>Click the element identified by ``locator``.</doc>
<arguments>
<arg>${ENTER_BUTTON}</arg>
</arguments>
<msg timestamp="20201117 15:02:33.497" level="INFO">Clicking element '//i[@id="send-message-ajax"]'.</msg>
<status status="PASS" starttime="20201117 15:02:33.497" endtime="20201117 15:02:33.517"></status>
</kw>
<status status="PASS" starttime="20201117 15:02:33.465" endtime="20201117 15:02:33.517"></status>
</kw>
<kw name="Sleep" library="BuiltIn">
<doc>Pauses the test executed for the given time.</doc>
<arguments>
<arg>3s</arg>
</arguments>
<msg timestamp="20201117 15:02:36.518" level="INFO">Slept 3 seconds</msg>
<status status="PASS" starttime="20201117 15:02:33.517" endtime="20201117 15:02:36.518"></status>
</kw>
<kw name="Confirming users password" library="Register">
<kw name="Input Text" library="SeleniumLibrary">
<doc>Types the given ``text`` into the text field identified by ``locator``.</doc>
<arguments>
<arg>${CONFIRM_PASSWORD_FIELD}</arg>
<arg>${PASSWORD_FIELD_VALUE}</arg>
</arguments>
<msg timestamp="20201117 15:02:36.518" level="INFO">Typing text 'Test0000' into text field '//input[@placeholder="Confirm Password"]'.</msg>
<status status="PASS" starttime="20201117 15:02:36.518" endtime="20201117 15:02:36.552"></status>
</kw>
<kw name="Click Element" library="SeleniumLibrary">
<doc>Click the element identified by ``locator``.</doc>
<arguments>
<arg>${ENTER_BUTTON}</arg>
</arguments>
<msg timestamp="20201117 15:02:36.552" level="INFO">Clicking element '//i[@id="send-message-ajax"]'.</msg>
<status status="PASS" starttime="20201117 15:02:36.552" endtime="20201117 15:02:36.569"></status>
</kw>
<status status="PASS" starttime="20201117 15:02:36.518" endtime="20201117 15:02:36.569"></status>
</kw>
<status status="PASS" starttime="20201117 15:02:14.933" endtime="20201117 15:02:36.570"></status>
</kw>
<kw name="Ending the tests by closing the browser" library="SetupEnv" type="teardown">
<kw name="Close All Browsers" library="SeleniumLibrary">
<doc>Closes all open browsers and resets the browser cache.</doc>
<status status="PASS" starttime="20201117 15:02:36.570" endtime="20201117 15:02:38.631"></status>
</kw>
<status status="PASS" starttime="20201117 15:02:36.570" endtime="20201117 15:02:38.631"></status>
</kw>
<tags>
<tag>register</tag>
</tags>
<status status="PASS" starttime="20201117 15:02:04.276" endtime="20201117 15:02:38.631" critical="yes"></status>
</test>
<status status="PASS" starttime="20201117 15:02:04.114" endtime="20201117 15:02:38.633"></status>
</suite>
<statistics>
<total>
<stat pass="1" fail="0">Critical Tests</stat>
<stat pass="1" fail="0">All Tests</stat>
</total>
<tag>
<stat pass="1" fail="0">register</stat>
</tag>
<suite>
<stat pass="1" fail="0" id="s1" name="RegisterTests">RegisterTests</stat>
</suite>
</statistics>
<errors>
</errors>
</robot>
