<?xml version="1.0" encoding="UTF-8"?>
<robot generator="Robot 3.2.2 (Python 3.8.3 on win32)" generated="20201108 20:26:09.181" rpa="false">
<suite id="s1" name="Homepage" source="D:\BallooningNestEggs\Tests\Homepage.robot">
<test id="s1-t1" name="Users should be able to navigate to BallooningNestEggs website">
<kw name="Begining the test" library="SetupEnv" type="setup">
<kw name="Open Browser" library="SeleniumLibrary">
<doc>Opens a new browser instance to the optional ``url``.</doc>
<arguments>
<arg>${PROD}</arg>
<arg>${BROWSER}</arg>
</arguments>
<msg timestamp="20201108 20:26:09.343" level="INFO">Opening browser 'chrome' to base url 'https://www.beta.ballooningnesteggs.com/'.</msg>
<status status="PASS" starttime="20201108 20:26:09.343" endtime="20201108 20:26:12.736"></status>
</kw>
<kw name="Set Window Size" library="SeleniumLibrary">
<doc>Sets current windows size to given ``width`` and ``height``.</doc>
<arguments>
<arg>${X}</arg>
<arg>${Y}</arg>
</arguments>
<status status="PASS" starttime="20201108 20:26:12.736" endtime="20201108 20:26:14.846"></status>
</kw>
<kw name="Sleep" library="BuiltIn">
<doc>Pauses the test executed for the given time.</doc>
<arguments>
<arg>5s</arg>
</arguments>
<msg timestamp="20201108 20:26:19.848" level="INFO">Slept 5 seconds</msg>
<status status="PASS" starttime="20201108 20:26:14.846" endtime="20201108 20:26:19.848"></status>
</kw>
<status status="PASS" starttime="20201108 20:26:09.343" endtime="20201108 20:26:19.849"></status>
</kw>
<kw name="Verifying the balloningnesteggs page title" library="Homepage">
<kw name="Verifying the page title" library="Homepage">
<kw name="Title Should Be" library="SeleniumLibrary">
<doc>Verifies that the current page title equals ``title``.</doc>
<arguments>
<arg>${PAGE_TITLE}</arg>
</arguments>
<msg timestamp="20201108 20:26:19.857" level="INFO">Page title is 'Ballooning Nest Eggs'.</msg>
<status status="PASS" starttime="20201108 20:26:19.853" endtime="20201108 20:26:19.857"></status>
</kw>
<status status="PASS" starttime="20201108 20:26:19.852" endtime="20201108 20:26:19.857"></status>
</kw>
<status status="PASS" starttime="20201108 20:26:19.850" endtime="20201108 20:26:19.857"></status>
</kw>
<kw name="Ending the tests by closing the browser" library="SetupEnv" type="teardown">
<kw name="Close All Browsers" library="SeleniumLibrary">
<doc>Closes all open browsers and resets the browser cache.</doc>
<status status="PASS" starttime="20201108 20:26:19.858" endtime="20201108 20:26:21.916"></status>
</kw>
<status status="PASS" starttime="20201108 20:26:19.857" endtime="20201108 20:26:21.916"></status>
</kw>
<tags>
<tag>homepage</tag>
</tags>
<status status="PASS" starttime="20201108 20:26:09.342" endtime="20201108 20:26:21.916" critical="yes"></status>
</test>
<status status="PASS" starttime="20201108 20:26:09.182" endtime="20201108 20:26:21.918"></status>
</suite>
<statistics>
<total>
<stat pass="1" fail="0">Critical Tests</stat>
<stat pass="1" fail="0">All Tests</stat>
</total>
<tag>
<stat pass="1" fail="0">homepage</stat>
</tag>
<suite>
<stat pass="1" fail="0" id="s1" name="Homepage">Homepage</stat>
</suite>
</statistics>
<errors>
</errors>
</robot>
